2023-04-18 20:55:57 INFO  Log:15 - ***************************
2023-04-18 20:55:57 INFO  Log:16 - ***************************
2023-04-18 20:55:57 INFO  Log:17 - *********This is the begging og my test case*******
2023-04-18 20:55:57 INFO  Log:27 - My test case is executing right now
2023-04-18 20:55:57 INFO  Log:30 - My test case might have some trivial issues
2023-04-18 20:56:05 INFO  Log:27 - This test case is about to get completed
2023-04-18 20:56:05 INFO  Log:21 - ###########################
2023-04-18 20:56:05 INFO  Log:22 - ###########################
2023-04-18 20:56:05 INFO  Log:23 - ########This test case is finished#########
2023-04-18 20:56:14 INFO  Log:15 - ***************************
2023-04-18 20:56:14 INFO  Log:16 - ***************************
2023-04-18 20:56:14 INFO  Log:17 - *********This is the begging og my test case*******
2023-04-18 20:56:14 INFO  Log:27 - My test case is executing right now
2023-04-18 20:56:14 INFO  Log:30 - My test case might have some trivial issues
2023-04-18 20:56:16 INFO  Log:27 - This test case is about to get completed
2023-04-18 20:56:16 INFO  Log:21 - ###########################
2023-04-18 20:56:16 INFO  Log:22 - ###########################
2023-04-18 20:56:16 INFO  Log:23 - ########This test case is finished#########
2023-04-23 13:41:19 INFO  Log:15 - ***************************
2023-04-23 13:41:19 INFO  Log:16 - ***************************
2023-04-23 13:41:19 INFO  Log:17 - *********This is the begging of my test case*******
2023-04-23 13:41:19 INFO  Log:27 - My test case is executing right now
2023-04-23 13:41:19 INFO  Log:30 - My test case might have some trivial issues
2023-04-23 13:41:25 INFO  Log:27 - This test case is about to get completed
2023-04-23 13:41:25 INFO  Log:21 - ###########################
2023-04-23 13:41:25 INFO  Log:22 - ###########################
2023-04-23 13:41:25 INFO  Log:23 - ########This test case is finished#########
2023-04-23 13:41:35 INFO  Log:15 - ***************************
2023-04-23 13:41:35 INFO  Log:16 - ***************************
2023-04-23 13:41:35 INFO  Log:17 - *********This is the begging of my test case*******
2023-04-23 13:41:35 INFO  Log:27 - My test case is executing right now
2023-04-23 13:41:35 INFO  Log:30 - My test case might have some trivial issues
2023-04-23 13:41:50 INFO  Log:27 - This test case is about to get completed
2023-04-23 13:41:50 INFO  Log:21 - ###########################
2023-04-23 13:41:50 INFO  Log:22 - ###########################
2023-04-23 13:41:50 INFO  Log:23 - ########This test case is finished#########
2023-05-13 12:44:27 INFO  Log:15 - ***************************
2023-05-13 12:44:27 INFO  Log:16 - ***************************
2023-05-13 12:44:27 INFO  Log:17 - *********This is the begging of my test case*******
2023-05-13 12:44:27 INFO  Log:27 - My test case is executing right now
2023-05-13 12:44:27 INFO  Log:30 - My test case might have some trivial issues
2023-05-13 12:44:35 INFO  Log:27 - This test case is about to get completed
2023-05-13 12:44:35 INFO  Log:21 - ###########################
2023-05-13 12:44:35 INFO  Log:22 - ###########################
2023-05-13 12:44:35 INFO  Log:23 - ########This test case is finished#########
2023-05-13 12:48:35 INFO  Log:15 - ***************************
2023-05-13 12:48:35 INFO  Log:16 - ***************************
2023-05-13 12:48:35 INFO  Log:17 - *********This is the begging of my test case*******
2023-05-13 12:48:35 INFO  Log:27 - My test case is executing right now
2023-05-13 12:48:35 INFO  Log:30 - My test case might have some trivial issues
2023-05-13 12:48:41 INFO  Log:27 - This test case is about to get completed
2023-05-13 12:48:41 INFO  Log:21 - ###########################
2023-05-13 12:48:41 INFO  Log:22 - ###########################
2023-05-13 12:48:41 INFO  Log:23 - ########This test case is finished#########
2023-05-13 12:52:50 INFO  Log:15 - ***************************
2023-05-13 12:52:50 INFO  Log:16 - ***************************
2023-05-13 12:52:50 INFO  Log:17 - *********This is the begging of my test case*******
2023-05-13 12:52:50 INFO  Log:27 - My test case is executing right now
2023-05-13 12:52:50 INFO  Log:30 - My test case might have some trivial issues
2023-05-13 12:52:57 INFO  Log:27 - This test case is about to get completed
2023-05-13 12:52:57 INFO  Log:21 - ###########################
2023-05-13 12:52:57 INFO  Log:22 - ###########################
2023-05-13 12:52:57 INFO  Log:23 - ########This test case is finished#########
2023-05-30 21:34:12 INFO  Log:15 - ***************************
2023-05-30 21:34:12 INFO  Log:16 - ***************************
2023-05-30 21:34:12 INFO  Log:17 - *********This is the begging of my test case*******
2023-05-30 21:34:12 INFO  Log:27 - My test case is executing right now
2023-05-30 21:34:12 INFO  Log:30 - My test case might have some trivial issues
2023-05-30 21:34:28 INFO  Log:27 - This test case is about to get completed
2023-05-30 21:34:28 INFO  Log:21 - ###########################
2023-05-30 21:34:28 INFO  Log:22 - ###########################
2023-05-30 21:34:28 INFO  Log:23 - ########This test case is finished#########
2023-05-30 21:34:45 INFO  Log:15 - ***************************
2023-05-30 21:34:45 INFO  Log:16 - ***************************
2023-05-30 21:34:45 INFO  Log:17 - *********This is the begging of my test case*******
2023-05-30 21:34:45 INFO  Log:27 - My test case is executing right now
2023-05-30 21:34:45 INFO  Log:30 - My test case might have some trivial issues
2023-05-30 21:34:50 INFO  Log:27 - This test case is about to get completed
2023-05-30 21:34:50 INFO  Log:21 - ###########################
2023-05-30 21:34:50 INFO  Log:22 - ###########################
2023-05-30 21:34:50 INFO  Log:23 - ########This test case is finished#########
2023-05-30 21:38:26 INFO  Log:15 - ***************************
2023-05-30 21:38:26 INFO  Log:16 - ***************************
2023-05-30 21:38:26 INFO  Log:17 - *********This is the begging of my test case*******
2023-05-30 21:38:26 INFO  Log:27 - My test case is executing right now
2023-05-30 21:38:26 INFO  Log:30 - My test case might have some trivial issues
2023-05-30 21:38:32 INFO  Log:27 - This test case is about to get completed
2023-05-30 21:38:32 INFO  Log:21 - ###########################
2023-05-30 21:38:32 INFO  Log:22 - ###########################
2023-05-30 21:38:32 INFO  Log:23 - ########This test case is finished#########
2023-05-30 21:38:40 INFO  Log:15 - ***************************
2023-05-30 21:38:40 INFO  Log:16 - ***************************
2023-05-30 21:38:40 INFO  Log:17 - *********This is the begging of my test case*******
2023-05-30 21:38:40 INFO  Log:27 - My test case is executing right now
2023-05-30 21:38:40 INFO  Log:30 - My test case might have some trivial issues
2023-05-30 21:38:43 INFO  Log:27 - This test case is about to get completed
2023-05-30 21:38:43 INFO  Log:21 - ###########################
2023-05-30 21:38:43 INFO  Log:22 - ###########################
2023-05-30 21:38:43 INFO  Log:23 - ########This test case is finished#########
